<?xml version="1.0" encoding="UTF-8"?>
<testng-results skipped="0" failed="2" total="5" passed="3">
  <reporter-output>
    <line>
      <![CDATA[在：2017-12-01 18:47:25:284com.thetiger.ldd:id/sms_code_et控件不存在]]>
    </line>
    <line>
      <![CDATA[在：2017-12-01 18:47:29:523com.thetiger.ldd:id/login_btn控件不存在]]>
    </line>
  </reporter-output>
  <suite name="Suite" duration-ms="33745" started-at="2017-12-01T10:46:57Z" finished-at="2017-12-01T10:47:31Z">
    <groups>
    </groups>
    <test name="Test" duration-ms="33745" started-at="2017-12-01T10:46:57Z" finished-at="2017-12-01T10:47:31Z">
      <class name="com.Case.NewTest">
        <test-method status="PASS" signature="beforeSuite()[pri:0, instance:com.Case.NewTest@79be0360]" name="beforeSuite" is-config="true" duration-ms="5872" started-at="2017-12-01T18:46:51Z" finished-at="2017-12-01T18:46:57Z">
          <reporter-output>
          </reporter-output>
        </test-method> <!-- beforeSuite -->
        <test-method status="PASS" signature="BeforeClass()[pri:0, instance:com.Case.NewTest@79be0360]" name="BeforeClass" is-config="true" duration-ms="12178" started-at="2017-12-01T18:46:57Z" finished-at="2017-12-01T18:47:09Z">
          <reporter-output>
          </reporter-output>
        </test-method> <!-- BeforeClass -->
        <test-method status="PASS" signature="f(java.lang.String, java.lang.String, java.lang.String, java.lang.String, java.lang.String, java.lang.String, java.lang.String)[pri:0, instance:com.Case.NewTest@79be0360]" name="f" duration-ms="1704" started-at="2017-12-01T18:47:10Z" data-provider="testing" finished-at="2017-12-01T18:47:12Z">
          <params>
            <param index="0">
              <value>
                <![CDATA[1]]>
              </value>
            </param>
            <param index="1">
              <value>
                <![CDATA[登录]]>
              </value>
            </param>
            <param index="2">
              <value>
                <![CDATA[点击立即进入]]>
              </value>
            </param>
            <param index="3">
              <value>
                <![CDATA[com.thetiger.ldd:id/welcome_btn]]>
              </value>
            </param>
            <param index="4">
              <value>
                <![CDATA[click]]>
              </value>
            </param>
            <param index="5">
              <value>
                <![CDATA[com.thetiger.ldd:id/phone_et]]>
              </value>
            </param>
            <param index="6">
              <value>
                <![CDATA[]]>
              </value>
            </param>
          </params>
          <reporter-output>
          </reporter-output>
        </test-method> <!-- f -->
        <test-method status="PASS" signature="f(java.lang.String, java.lang.String, java.lang.String, java.lang.String, java.lang.String, java.lang.String, java.lang.String)[pri:0, instance:com.Case.NewTest@79be0360]" name="f" duration-ms="6138" started-at="2017-12-01T18:47:12Z" data-provider="testing" finished-at="2017-12-01T18:47:18Z">
          <params>
            <param index="0">
              <value>
                <![CDATA[2]]>
              </value>
            </param>
            <param index="1">
              <value>
                <![CDATA[]]>
              </value>
            </param>
            <param index="2">
              <value>
                <![CDATA[输入手机号码]]>
              </value>
            </param>
            <param index="3">
              <value>
                <![CDATA[com.thetiger.ldd:id/phone_et]]>
              </value>
            </param>
            <param index="4">
              <value>
                <![CDATA[input]]>
              </value>
            </param>
            <param index="5">
              <value>
                <![CDATA[13726789678]]>
              </value>
            </param>
            <param index="6">
              <value>
                <![CDATA[]]>
              </value>
            </param>
          </params>
          <reporter-output>
          </reporter-output>
        </test-method> <!-- f -->
        <test-method status="PASS" signature="f(java.lang.String, java.lang.String, java.lang.String, java.lang.String, java.lang.String, java.lang.String, java.lang.String)[pri:0, instance:com.Case.NewTest@79be0360]" name="f" duration-ms="1738" started-at="2017-12-01T18:47:18Z" data-provider="testing" finished-at="2017-12-01T18:47:20Z">
          <params>
            <param index="0">
              <value>
                <![CDATA[3]]>
              </value>
            </param>
            <param index="1">
              <value>
                <![CDATA[]]>
              </value>
            </param>
            <param index="2">
              <value>
                <![CDATA[点击获取验证码]]>
              </value>
            </param>
            <param index="3">
              <value>
                <![CDATA[com.thetiger.ldd:id/action_sms_tv]]>
              </value>
            </param>
            <param index="4">
              <value>
                <![CDATA[click]]>
              </value>
            </param>
            <param index="5">
              <value>
                <![CDATA[]]>
              </value>
            </param>
            <param index="6">
              <value>
                <![CDATA[]]>
              </value>
            </param>
          </params>
          <reporter-output>
          </reporter-output>
        </test-method> <!-- f -->
        <test-method status="FAIL" signature="f(java.lang.String, java.lang.String, java.lang.String, java.lang.String, java.lang.String, java.lang.String, java.lang.String)[pri:0, instance:com.Case.NewTest@79be0360]" name="f" duration-ms="4789" started-at="2017-12-01T18:47:20Z" data-provider="testing" finished-at="2017-12-01T18:47:25Z">
          <params>
            <param index="0">
              <value>
                <![CDATA[4]]>
              </value>
            </param>
            <param index="1">
              <value>
                <![CDATA[验证]]>
              </value>
            </param>
            <param index="2">
              <value>
                <![CDATA[输入验证码]]>
              </value>
            </param>
            <param index="3">
              <value>
                <![CDATA[com.thetiger.ldd:id/sms_code_et]]>
              </value>
            </param>
            <param index="4">
              <value>
                <![CDATA[input]]>
              </value>
            </param>
            <param index="5">
              <value>
                <![CDATA[1111]]>
              </value>
            </param>
            <param index="6">
              <value>
                <![CDATA[]]>
              </value>
            </param>
          </params>
          <exception class="java.lang.NullPointerException">
            <full-stacktrace>
              <![CDATA[java.lang.NullPointerException
	at com.test.Base.dealData(Base.java:382)
	at com.Case.NewTest.f(NewTest.java:14)
	at sun.reflect.NativeMethodAccessorImpl.invoke0(Native Method)
	at sun.reflect.NativeMethodAccessorImpl.invoke(Unknown Source)
	at sun.reflect.DelegatingMethodAccessorImpl.invoke(Unknown Source)
	at java.lang.reflect.Method.invoke(Unknown Source)
	at org.testng.internal.MethodInvocationHelper.invokeMethod(MethodInvocationHelper.java:86)
	at org.testng.internal.Invoker.invokeMethod(Invoker.java:643)
	at org.testng.internal.Invoker.invokeTestMethod(Invoker.java:820)
	at org.testng.internal.Invoker.invokeTestMethods(Invoker.java:1128)
	at org.testng.internal.TestMethodWorker.invokeTestMethods(TestMethodWorker.java:129)
	at org.testng.internal.TestMethodWorker.run(TestMethodWorker.java:112)
	at org.testng.TestRunner.privateRun(TestRunner.java:782)
	at org.testng.TestRunner.run(TestRunner.java:632)
	at org.testng.SuiteRunner.runTest(SuiteRunner.java:366)
	at org.testng.SuiteRunner.runSequentially(SuiteRunner.java:361)
	at org.testng.SuiteRunner.privateRun(SuiteRunner.java:319)
	at org.testng.SuiteRunner.run(SuiteRunner.java:268)
	at org.testng.SuiteRunnerWorker.runSuite(SuiteRunnerWorker.java:52)
	at org.testng.SuiteRunnerWorker.run(SuiteRunnerWorker.java:86)
	at org.testng.TestNG.runSuitesSequentially(TestNG.java:1244)
	at org.testng.TestNG.runSuitesLocally(TestNG.java:1169)
	at org.testng.TestNG.run(TestNG.java:1064)
	at org.apache.maven.surefire.testng.TestNGExecutor.run(TestNGExecutor.java:283)
	at org.apache.maven.surefire.testng.TestNGXmlTestSuite.execute(TestNGXmlTestSuite.java:75)
	at org.apache.maven.surefire.testng.TestNGProvider.invoke(TestNGProvider.java:120)
	at org.apache.maven.surefire.booter.ForkedBooter.invokeProviderInSameClassLoader(ForkedBooter.java:386)
	at org.apache.maven.surefire.booter.ForkedBooter.runSuitesInProcess(ForkedBooter.java:323)
	at org.apache.maven.surefire.booter.ForkedBooter.main(ForkedBooter.java:143)
]]>
            </full-stacktrace>
          </exception> <!-- java.lang.NullPointerException -->
          <reporter-output>
            <line>
              <![CDATA[在：2017-12-01 18:47:25:284com.thetiger.ldd:id/sms_code_et控件不存在]]>
            </line>
          </reporter-output>
        </test-method> <!-- f -->
        <test-method status="FAIL" signature="f(java.lang.String, java.lang.String, java.lang.String, java.lang.String, java.lang.String, java.lang.String, java.lang.String)[pri:0, instance:com.Case.NewTest@79be0360]" name="f" duration-ms="4218" started-at="2017-12-01T18:47:25Z" data-provider="testing" finished-at="2017-12-01T18:47:29Z">
          <params>
            <param index="0">
              <value>
                <![CDATA[5]]>
              </value>
            </param>
            <param index="1">
              <value>
                <![CDATA[注册]]>
              </value>
            </param>
            <param index="2">
              <value>
                <![CDATA[点击登录]]>
              </value>
            </param>
            <param index="3">
              <value>
                <![CDATA[com.thetiger.ldd:id/login_btn]]>
              </value>
            </param>
            <param index="4">
              <value>
                <![CDATA[click]]>
              </value>
            </param>
            <param index="5">
              <value>
                <![CDATA[com.thetiger.ldd:id/elite_rl]]>
              </value>
            </param>
            <param index="6">
              <value>
                <![CDATA[]]>
              </value>
            </param>
          </params>
          <exception class="java.lang.NullPointerException">
            <full-stacktrace>
              <![CDATA[java.lang.NullPointerException
	at com.test.Base.dealData(Base.java:378)
	at com.Case.NewTest.f(NewTest.java:14)
	at sun.reflect.NativeMethodAccessorImpl.invoke0(Native Method)
	at sun.reflect.NativeMethodAccessorImpl.invoke(Unknown Source)
	at sun.reflect.DelegatingMethodAccessorImpl.invoke(Unknown Source)
	at java.lang.reflect.Method.invoke(Unknown Source)
	at org.testng.internal.MethodInvocationHelper.invokeMethod(MethodInvocationHelper.java:86)
	at org.testng.internal.Invoker.invokeMethod(Invoker.java:643)
	at org.testng.internal.Invoker.invokeTestMethod(Invoker.java:820)
	at org.testng.internal.Invoker.invokeTestMethods(Invoker.java:1128)
	at org.testng.internal.TestMethodWorker.invokeTestMethods(TestMethodWorker.java:129)
	at org.testng.internal.TestMethodWorker.run(TestMethodWorker.java:112)
	at org.testng.TestRunner.privateRun(TestRunner.java:782)
	at org.testng.TestRunner.run(TestRunner.java:632)
	at org.testng.SuiteRunner.runTest(SuiteRunner.java:366)
	at org.testng.SuiteRunner.runSequentially(SuiteRunner.java:361)
	at org.testng.SuiteRunner.privateRun(SuiteRunner.java:319)
	at org.testng.SuiteRunner.run(SuiteRunner.java:268)
	at org.testng.SuiteRunnerWorker.runSuite(SuiteRunnerWorker.java:52)
	at org.testng.SuiteRunnerWorker.run(SuiteRunnerWorker.java:86)
	at org.testng.TestNG.runSuitesSequentially(TestNG.java:1244)
	at org.testng.TestNG.runSuitesLocally(TestNG.java:1169)
	at org.testng.TestNG.run(TestNG.java:1064)
	at org.apache.maven.surefire.testng.TestNGExecutor.run(TestNGExecutor.java:283)
	at org.apache.maven.surefire.testng.TestNGXmlTestSuite.execute(TestNGXmlTestSuite.java:75)
	at org.apache.maven.surefire.testng.TestNGProvider.invoke(TestNGProvider.java:120)
	at org.apache.maven.surefire.booter.ForkedBooter.invokeProviderInSameClassLoader(ForkedBooter.java:386)
	at org.apache.maven.surefire.booter.ForkedBooter.runSuitesInProcess(ForkedBooter.java:323)
	at org.apache.maven.surefire.booter.ForkedBooter.main(ForkedBooter.java:143)
]]>
            </full-stacktrace>
          </exception> <!-- java.lang.NullPointerException -->
          <reporter-output>
            <line>
              <![CDATA[在：2017-12-01 18:47:29:523com.thetiger.ldd:id/login_btn控件不存在]]>
            </line>
          </reporter-output>
        </test-method> <!-- f -->
        <test-method status="PASS" signature="afterClass()[pri:0, instance:com.Case.NewTest@79be0360]" name="afterClass" is-config="true" duration-ms="1909" started-at="2017-12-01T18:47:29Z" finished-at="2017-12-01T18:47:31Z">
          <reporter-output>
          </reporter-output>
        </test-method> <!-- afterClass -->
        <test-method status="PASS" signature="afterSuite()[pri:0, instance:com.Case.NewTest@79be0360]" name="afterSuite" is-config="true" duration-ms="56" started-at="2017-12-01T18:47:31Z" finished-at="2017-12-01T18:47:31Z">
          <reporter-output>
          </reporter-output>
        </test-method> <!-- afterSuite -->
      </class> <!-- com.Case.NewTest -->
    </test> <!-- Test -->
  </suite> <!-- Suite -->
</testng-results>
