<?xml version="1.0" encoding="UTF-8"?>
<testsuite xmlns:xsi="http://www.w3.org/2001/XMLSchema-instance" xsi:noNamespaceSchemaLocation="https://maven.apache.org/surefire/maven-surefire-plugin/xsd/surefire-test-report.xsd" name="TestSuite" time="273.188" tests="50" errors="0" skipped="0" failures="29">
  <properties>
[...]
</properties>
  <testcase name="testcase" classname="com.Case.NewTest" time="1.566"/>
  <testcase name="testcase" classname="com.Case.NewTest" time="5.012">
    <failure message="expected [true] but found [false]" type="java.lang.AssertionError">java.lang.AssertionError: expected [true] but found [false]
	at com.Case.NewTest.testcase(NewTest.java:14)
</failure>
    <system-out><![CDATA[在：2018-01-17 21:21:12:352控件：com.thetiger.ziwork:id/phone_e不存在
]]></system-out>
  </testcase>
  <testcase name="testcase" classname="com.Case.NewTest" time="3.875"/>
  <testcase name="testcase" classname="com.Case.NewTest" time="5.749"/>
  <testcase name="testcase" classname="com.Case.NewTest" time="6.64"/>
  <testcase name="testcase" classname="com.Case.NewTest" time="4.566">
    <failure message="expected [true] but found [false]" type="java.lang.AssertionError">java.lang.AssertionError: expected [true] but found [false]
	at com.Case.NewTest.testcase(NewTest.java:14)
</failure>
    <system-out><![CDATA[在：2018-01-17 21:21:33:197控件：com.thetiger.ziwork:id/edit_et不存在
]]></system-out>
  </testcase>
  <testcase name="testcase" classname="com.Case.NewTest" time="6.087">
    <failure message="expected [true] but found [false]" type="java.lang.AssertionError">java.lang.AssertionError: expected [true] but found [false]
	at com.Case.NewTest.testcase(NewTest.java:14)
</failure>
    <system-out><![CDATA[在：2018-01-17 21:21:39:284控件：//android.widget.EditText[@text='如：文案达人']不存在
]]></system-out>
  </testcase>
  <testcase name="testcase" classname="com.Case.NewTest" time="4.491">
    <failure message="expected [true] but found [false]" type="java.lang.AssertionError">java.lang.AssertionError: expected [true] but found [false]
	at com.Case.NewTest.testcase(NewTest.java:14)
</failure>
    <system-out><![CDATA[在：2018-01-17 21:21:43:774控件：com.thetiger.ziwork:id/submit_tv不存在
]]></system-out>
  </testcase>
  <testcase name="testcase" classname="com.Case.NewTest" time="7.381"/>
  <testcase name="testcase" classname="com.Case.NewTest" time="4.747">
    <failure message="expected [true] but found [false]" type="java.lang.AssertionError">java.lang.AssertionError: expected [true] but found [false]
	at com.Case.NewTest.testcase(NewTest.java:14)
</failure>
    <system-out><![CDATA[在：2018-01-17 21:21:55:903控件：com.thetiger.ziwork:id/guide_target_view不存在
]]></system-out>
  </testcase>
  <testcase name="testcase" classname="com.Case.NewTest" time="5.02">
    <failure message="expected [true] but found [false]" type="java.lang.AssertionError">java.lang.AssertionError: expected [true] but found [false]
	at com.Case.NewTest.testcase(NewTest.java:14)
</failure>
    <system-out><![CDATA[在：2018-01-17 21:22:00:923控件：com.thetiger.ziwork:id/guide_bottom_ly不存在
]]></system-out>
  </testcase>
  <testcase name="testcase" classname="com.Case.NewTest" time="12.926"/>
  <testcase name="testcase" classname="com.Case.NewTest" time="1.861"/>
  <testcase name="testcase" classname="com.Case.NewTest" time="4.288">
    <failure message="expected [true] but found [false]" type="java.lang.AssertionError">java.lang.AssertionError: expected [true] but found [false]
	at com.Case.NewTest.testcase(NewTest.java:14)
</failure>
    <system-out><![CDATA[在：2018-01-17 21:22:20:000控件：com.thetiger.ziwork:id/phone_e不存在
]]></system-out>
  </testcase>
  <testcase name="testcase" classname="com.Case.NewTest" time="3.82"/>
  <testcase name="testcase" classname="com.Case.NewTest" time="6.256"/>
  <testcase name="testcase" classname="com.Case.NewTest" time="6.567"/>
  <testcase name="testcase" classname="com.Case.NewTest" time="4.542">
    <failure message="expected [true] but found [false]" type="java.lang.AssertionError">java.lang.AssertionError: expected [true] but found [false]
	at com.Case.NewTest.testcase(NewTest.java:14)
</failure>
    <system-out><![CDATA[在：2018-01-17 21:22:41:185控件：com.thetiger.ziwork:id/edit_et不存在
]]></system-out>
  </testcase>
  <testcase name="testcase" classname="com.Case.NewTest" time="5.262">
    <failure message="expected [true] but found [false]" type="java.lang.AssertionError">java.lang.AssertionError: expected [true] but found [false]
	at com.Case.NewTest.testcase(NewTest.java:14)
</failure>
    <system-out><![CDATA[在：2018-01-17 21:22:46:447控件：//android.widget.EditText[@text='如：文案达人']不存在
]]></system-out>
  </testcase>
  <testcase name="testcase" classname="com.Case.NewTest" time="4.573">
    <failure message="expected [true] but found [false]" type="java.lang.AssertionError">java.lang.AssertionError: expected [true] but found [false]
	at com.Case.NewTest.testcase(NewTest.java:14)
</failure>
    <system-out><![CDATA[在：2018-01-17 21:22:51:020控件：com.thetiger.ziwork:id/submit_tv不存在
]]></system-out>
  </testcase>
  <testcase name="testcase" classname="com.Case.NewTest" time="9.78"/>
  <testcase name="testcase" classname="com.Case.NewTest" time="2.372"/>
  <testcase name="testcase" classname="com.Case.NewTest" time="4.256">
    <failure message="expected [true] but found [false]" type="java.lang.AssertionError">java.lang.AssertionError: expected [true] but found [false]
	at com.Case.NewTest.testcase(NewTest.java:14)
</failure>
    <system-out><![CDATA[在：2018-01-17 21:23:07:428控件：com.thetiger.ziwork:id/home_middle_banner不存在
]]></system-out>
  </testcase>
  <testcase name="testcase" classname="com.Case.NewTest" time="4.838"/>
  <testcase name="testcase" classname="com.Case.NewTest" time="4.088">
    <failure message="expected [true] but found [false]" type="java.lang.AssertionError">java.lang.AssertionError: expected [true] but found [false]
	at com.Case.NewTest.testcase(NewTest.java:14)
</failure>
    <system-out><![CDATA[在：2018-01-17 21:23:16:351控件：com.thetiger.ziwork:id/guide_target_view不存在
]]></system-out>
  </testcase>
  <testcase name="testcase" classname="com.Case.NewTest" time="4.18">
    <failure message="expected [true] but found [false]" type="java.lang.AssertionError">java.lang.AssertionError: expected [true] but found [false]
	at com.Case.NewTest.testcase(NewTest.java:14)
</failure>
    <system-out><![CDATA[在：2018-01-17 21:23:20:534控件：com.thetiger.ziwork:id/guide_bottom_ly不存在
]]></system-out>
  </testcase>
  <testcase name="testcase" classname="com.Case.NewTest" time="4.222">
    <failure message="expected [true] but found [false]" type="java.lang.AssertionError">java.lang.AssertionError: expected [true] but found [false]
	at com.Case.NewTest.testcase(NewTest.java:14)
</failure>
    <system-out><![CDATA[在：2018-01-17 21:23:24:755控件：com.thetiger.ziwork:id/course_back_iv不存在
]]></system-out>
  </testcase>
  <testcase name="testcase" classname="com.Case.NewTest" time="4.115">
    <failure message="expected [true] but found [false]" type="java.lang.AssertionError">java.lang.AssertionError: expected [true] but found [false]
	at com.Case.NewTest.testcase(NewTest.java:14)
</failure>
    <system-out><![CDATA[在：2018-01-17 21:23:28:870控件：com.thetiger.ziwork:id/course_back_iv不存在
]]></system-out>
  </testcase>
  <testcase name="testcase" classname="com.Case.NewTest" time="3.997">
    <failure message="expected [true] but found [false]" type="java.lang.AssertionError">java.lang.AssertionError: expected [true] but found [false]
	at com.Case.NewTest.testcase(NewTest.java:14)
</failure>
    <system-out><![CDATA[在：2018-01-17 21:23:32:869控件：com.thetiger.ziwork:id/main_tab_mine不存在
]]></system-out>
  </testcase>
  <testcase name="testcase" classname="com.Case.NewTest" time="4.056">
    <failure message="expected [true] but found [false]" type="java.lang.AssertionError">java.lang.AssertionError: expected [true] but found [false]
	at com.Case.NewTest.testcase(NewTest.java:14)
</failure>
    <system-out><![CDATA[在：2018-01-17 21:23:36:924控件：com.thetiger.ziwork:id/zike_info_container不存在
]]></system-out>
  </testcase>
  <testcase name="testcase" classname="com.Case.NewTest" time="4.17">
    <failure message="expected [true] but found [false]" type="java.lang.AssertionError">java.lang.AssertionError: expected [true] but found [false]
	at com.Case.NewTest.testcase(NewTest.java:14)
</failure>
    <system-out><![CDATA[在：2018-01-17 21:23:41:079控件：com.thetiger.ziwork:id/belong_city_siv不存在
]]></system-out>
  </testcase>
  <testcase name="testcase" classname="com.Case.NewTest" time="4.009">
    <failure message="expected [true] but found [false]" type="java.lang.AssertionError">java.lang.AssertionError: expected [true] but found [false]
	at com.Case.NewTest.testcase(NewTest.java:14)
</failure>
    <system-out><![CDATA[在：2018-01-17 21:23:45:102控件：com.thetiger.ziwork:id/confirm不存在
]]></system-out>
  </testcase>
  <testcase name="testcase" classname="com.Case.NewTest" time="4.083">
    <failure message="expected [true] but found [false]" type="java.lang.AssertionError">java.lang.AssertionError: expected [true] but found [false]
	at com.Case.NewTest.testcase(NewTest.java:14)
</failure>
    <system-out><![CDATA[在：2018-01-17 21:23:49:187控件：com.thetiger.ziwork:id/work_time_siv不存在
]]></system-out>
  </testcase>
  <testcase name="testcase" classname="com.Case.NewTest" time="4.225">
    <failure message="expected [true] but found [false]" type="java.lang.AssertionError">java.lang.AssertionError: expected [true] but found [false]
	at com.Case.NewTest.testcase(NewTest.java:14)
</failure>
    <system-out><![CDATA[在：2018-01-17 21:23:53:412控件：com.thetiger.ziwork:id/confirm不存在
]]></system-out>
  </testcase>
  <testcase name="testcase" classname="com.Case.NewTest" time="4.706">
    <failure message="expected [true] but found [false]" type="java.lang.AssertionError">java.lang.AssertionError: expected [true] but found [false]
	at com.Case.NewTest.testcase(NewTest.java:14)
</failure>
    <system-out><![CDATA[在：2018-01-17 21:23:58:117控件：//android.widget.TextView[@text='设计']不存在
]]></system-out>
  </testcase>
  <testcase name="testcase" classname="com.Case.NewTest" time="4.451">
    <failure message="expected [true] but found [false]" type="java.lang.AssertionError">java.lang.AssertionError: expected [true] but found [false]
	at com.Case.NewTest.testcase(NewTest.java:14)
</failure>
    <system-out><![CDATA[在：2018-01-17 21:24:02:566控件：com.thetiger.ziwork:id/click_to_select_tv不存在
]]></system-out>
  </testcase>
  <testcase name="testcase" classname="com.Case.NewTest" time="5.056">
    <failure message="expected [true] but found [false]" type="java.lang.AssertionError">java.lang.AssertionError: expected [true] but found [false]
	at com.Case.NewTest.testcase(NewTest.java:14)
</failure>
    <system-out><![CDATA[在：2018-01-17 21:24:07:624控件：//android.widget.TextView[@text='UI']不存在
]]></system-out>
  </testcase>
  <testcase name="testcase" classname="com.Case.NewTest" time="4.061">
    <failure message="expected [true] but found [false]" type="java.lang.AssertionError">java.lang.AssertionError: expected [true] but found [false]
	at com.Case.NewTest.testcase(NewTest.java:14)
</failure>
    <system-out><![CDATA[在：2018-01-17 21:24:11:686控件：com.thetiger.ziwork:id/confirm_tv不存在
]]></system-out>
  </testcase>
  <testcase name="testcase" classname="com.Case.NewTest" time="4.224">
    <failure message="expected [true] but found [false]" type="java.lang.AssertionError">java.lang.AssertionError: expected [true] but found [false]
	at com.Case.NewTest.testcase(NewTest.java:14)
</failure>
    <system-out><![CDATA[在：2018-01-17 21:24:15:902控件：com.thetiger.ziwork:id/menu_common不存在
]]></system-out>
  </testcase>
  <testcase name="testcase" classname="com.Case.NewTest" time="4.027">
    <failure message="expected [true] but found [false]" type="java.lang.AssertionError">java.lang.AssertionError: expected [true] but found [false]
	at com.Case.NewTest.testcase(NewTest.java:14)
</failure>
    <system-out><![CDATA[在：2018-01-17 21:24:19:936控件：com.thetiger.ziwork:id/content_et不存在
]]></system-out>
  </testcase>
  <testcase name="testcase" classname="com.Case.NewTest" time="4.033">
    <failure message="expected [true] but found [false]" type="java.lang.AssertionError">java.lang.AssertionError: expected [true] but found [false]
	at com.Case.NewTest.testcase(NewTest.java:14)
</failure>
    <system-out><![CDATA[在：2018-01-17 21:24:23:969控件：com.thetiger.ziwork:id/menu_common不存在
]]></system-out>
  </testcase>
  <testcase name="testcase" classname="com.Case.NewTest" time="4.008">
    <failure message="expected [true] but found [false]" type="java.lang.AssertionError">java.lang.AssertionError: expected [true] but found [false]
	at com.Case.NewTest.testcase(NewTest.java:14)
</failure>
    <system-out><![CDATA[在：2018-01-17 21:24:27:975控件：com.thetiger.ziwork:id/next_browse_action_tv不存在
]]></system-out>
  </testcase>
  <testcase name="testcase" classname="com.Case.NewTest" time="12.191"/>
  <testcase name="testcase" classname="com.Case.NewTest" time="2.025"/>
  <testcase name="testcase" classname="com.Case.NewTest" time="6.403"/>
  <testcase name="testcase" classname="com.Case.NewTest" time="2.544"/>
  <testcase name="testcase" classname="com.Case.NewTest" time="5.61"/>
  <testcase name="testcase" classname="com.Case.NewTest" time="4.5"/>
  <testcase name="testcase" classname="com.Case.NewTest" time="12.163"/>
  <testcase name="testcase" classname="com.Case.NewTest" time="4.954"/>
</testsuite>