<?xml version="1.0" encoding="UTF-8"?>
<testsuite xmlns:xsi="http://www.w3.org/2001/XMLSchema-instance" xsi:noNamespaceSchemaLocation="https://maven.apache.org/surefire/maven-surefire-plugin/xsd/surefire-test-report.xsd" name="TestSuite" time="655.065" tests="111" errors="0" skipped="0" failures="29">
  <properties>
[...]
</properties>
  <testcase name="testcase" classname="com.Case.NewTest" time="2.322"/>
  <testcase name="testcase" classname="com.Case.NewTest" time="5.513"/>
  <testcase name="testcase" classname="com.Case.NewTest" time="2.052"/>
  <testcase name="testcase" classname="com.Case.NewTest" time="6.279"/>
  <testcase name="testcase" classname="com.Case.NewTest" time="4.048"/>
  <testcase name="testcase" classname="com.Case.NewTest" time="5.471"/>
  <testcase name="testcase" classname="com.Case.NewTest" time="10.286"/>
  <testcase name="testcase" classname="com.Case.NewTest" time="5.069"/>
  <testcase name="testcase" classname="com.Case.NewTest" time="4.871"/>
  <testcase name="testcase" classname="com.Case.NewTest" time="3.921"/>
  <testcase name="testcase" classname="com.Case.NewTest" time="2.33"/>
  <testcase name="testcase" classname="com.Case.NewTest" time="13.612"/>
  <testcase name="testcase" classname="com.Case.NewTest" time="2"/>
  <testcase name="testcase" classname="com.Case.NewTest" time="5.548"/>
  <testcase name="testcase" classname="com.Case.NewTest" time="2.195"/>
  <testcase name="testcase" classname="com.Case.NewTest" time="6.141"/>
  <testcase name="testcase" classname="com.Case.NewTest" time="3.72"/>
  <testcase name="testcase" classname="com.Case.NewTest" time="5.193"/>
  <testcase name="testcase" classname="com.Case.NewTest" time="10.759"/>
  <testcase name="testcase" classname="com.Case.NewTest" time="4.626"/>
  <testcase name="testcase" classname="com.Case.NewTest" time="8.901"/>
  <testcase name="testcase" classname="com.Case.NewTest" time="2.999"/>
  <testcase name="testcase" classname="com.Case.NewTest" time="2.305"/>
  <testcase name="testcase" classname="com.Case.NewTest" time="2.963"/>
  <testcase name="testcase" classname="com.Case.NewTest" time="7.994"/>
  <testcase name="testcase" classname="com.Case.NewTest" time="8.146"/>
  <testcase name="testcase" classname="com.Case.NewTest" time="2.655"/>
  <testcase name="testcase" classname="com.Case.NewTest" time="7.96"/>
  <testcase name="testcase" classname="com.Case.NewTest" time="9.802"/>
  <testcase name="testcase" classname="com.Case.NewTest" time="2.233"/>
  <testcase name="testcase" classname="com.Case.NewTest" time="2.492"/>
  <testcase name="testcase" classname="com.Case.NewTest" time="2.219"/>
  <testcase name="testcase" classname="com.Case.NewTest" time="1.429"/>
  <testcase name="testcase" classname="com.Case.NewTest" time="9.002"/>
  <testcase name="testcase" classname="com.Case.NewTest" time="6.4"/>
  <testcase name="testcase" classname="com.Case.NewTest" time="2.477"/>
  <testcase name="testcase" classname="com.Case.NewTest" time="9.254"/>
  <testcase name="testcase" classname="com.Case.NewTest" time="6.055"/>
  <testcase name="testcase" classname="com.Case.NewTest" time="2.298"/>
  <testcase name="testcase" classname="com.Case.NewTest" time="9.032"/>
  <testcase name="testcase" classname="com.Case.NewTest" time="6.527"/>
  <testcase name="testcase" classname="com.Case.NewTest" time="2.3"/>
  <testcase name="testcase" classname="com.Case.NewTest" time="1.688"/>
  <testcase name="testcase" classname="com.Case.NewTest" time="2.135"/>
  <testcase name="testcase" classname="com.Case.NewTest" time="1.926"/>
  <testcase name="testcase" classname="com.Case.NewTest" time="1.651"/>
  <testcase name="testcase" classname="com.Case.NewTest" time="2.689"/>
  <testcase name="testcase" classname="com.Case.NewTest" time="2.267"/>
  <testcase name="testcase" classname="com.Case.NewTest" time="2.001"/>
  <testcase name="testcase" classname="com.Case.NewTest" time="8.767"/>
  <testcase name="testcase" classname="com.Case.NewTest" time="5.386"/>
  <testcase name="testcase" classname="com.Case.NewTest" time="2.17"/>
  <testcase name="testcase" classname="com.Case.NewTest" time="1.641"/>
  <testcase name="testcase" classname="com.Case.NewTest" time="2.919"/>
  <testcase name="testcase" classname="com.Case.NewTest" time="4.528"/>
  <testcase name="testcase" classname="com.Case.NewTest" time="3.883"/>
  <testcase name="testcase" classname="com.Case.NewTest" time="2.215"/>
  <testcase name="testcase" classname="com.Case.NewTest" time="4.149"/>
  <testcase name="testcase" classname="com.Case.NewTest" time="1.909"/>
  <testcase name="testcase" classname="com.Case.NewTest" time="2.608"/>
  <testcase name="testcase" classname="com.Case.NewTest" time="2.339"/>
  <testcase name="testcase" classname="com.Case.NewTest" time="1.43"/>
  <testcase name="testcase" classname="com.Case.NewTest" time="3.575"/>
  <testcase name="testcase" classname="com.Case.NewTest" time="1.205"/>
  <testcase name="testcase" classname="com.Case.NewTest" time="3.544"/>
  <testcase name="testcase" classname="com.Case.NewTest" time="8.776"/>
  <testcase name="testcase" classname="com.Case.NewTest" time="1.689"/>
  <testcase name="testcase" classname="com.Case.NewTest" time="6.448"/>
  <testcase name="testcase" classname="com.Case.NewTest" time="1.465"/>
  <testcase name="testcase" classname="com.Case.NewTest" time="2.069"/>
  <testcase name="testcase" classname="com.Case.NewTest" time="5.997"/>
  <testcase name="testcase" classname="com.Case.NewTest" time="2.226"/>
  <testcase name="testcase" classname="com.Case.NewTest" time="1.828"/>
  <testcase name="testcase" classname="com.Case.NewTest" time="14.224"/>
  <testcase name="testcase" classname="com.Case.NewTest" time="2.434"/>
  <testcase name="testcase" classname="com.Case.NewTest" time="5.408"/>
  <testcase name="testcase" classname="com.Case.NewTest" time="2.058"/>
  <testcase name="testcase" classname="com.Case.NewTest" time="5.306"/>
  <testcase name="testcase" classname="com.Case.NewTest" time="6.83"/>
  <testcase name="testcase" classname="com.Case.NewTest" time="3.053"/>
  <testcase name="testcase" classname="com.Case.NewTest" time="4.86">
    <failure message="expected [true] but found [false]" type="java.lang.AssertionError">java.lang.AssertionError: expected [true] but found [false]
	at com.Case.NewTest.testcase(NewTest.java:15)
</failure>
    <system-out><![CDATA[在：2018-02-01 18:39:17:078isFail的状态：false
在：2018-02-01 18:39:21:916控件：com.thetiger.ziwork:id/zike_entry不存在
]]></system-out>
  </testcase>
  <testcase name="testcase" classname="com.Case.NewTest" time="4.7">
    <failure message="expected [true] but found [false]" type="java.lang.AssertionError">java.lang.AssertionError: expected [true] but found [false]
	at com.Case.NewTest.testcase(NewTest.java:15)
</failure>
    <system-out><![CDATA[在：2018-02-01 18:39:21:940isFail的状态：true
在：2018-02-01 18:39:26:637控件：com.thetiger.ziwork:id/main_tab_home不存在
]]></system-out>
  </testcase>
  <testcase name="testcase" classname="com.Case.NewTest" time="4.601">
    <failure message="expected [true] but found [false]" type="java.lang.AssertionError">java.lang.AssertionError: expected [true] but found [false]
	at com.Case.NewTest.testcase(NewTest.java:15)
</failure>
    <system-out><![CDATA[在：2018-02-01 18:39:26:639isFail的状态：true
在：2018-02-01 18:39:31:241控件：com.thetiger.ziwork:id/article_entry不存在
]]></system-out>
  </testcase>
  <testcase name="testcase" classname="com.Case.NewTest" time="5.569">
    <failure message="expected [true] but found [false]" type="java.lang.AssertionError">java.lang.AssertionError: expected [true] but found [false]
	at com.Case.NewTest.testcase(NewTest.java:15)
</failure>
    <system-out><![CDATA[在：2018-02-01 18:39:31:243isFail的状态：true
在：2018-02-01 18:39:36:809控件：//android.widget.TextView[@text='市场']不存在
]]></system-out>
  </testcase>
  <testcase name="testcase" classname="com.Case.NewTest" time="5.837">
    <failure message="expected [true] but found [false]" type="java.lang.AssertionError">java.lang.AssertionError: expected [true] but found [false]
	at com.Case.NewTest.testcase(NewTest.java:15)
</failure>
    <system-out><![CDATA[在：2018-02-01 18:39:36:811isFail的状态：true
在：2018-02-01 18:39:42:646控件：//android.support.v7.widget.RecyclerView[@resource-id='com.thetiger.ziwork:id/recycler_view']/android.widget.FrameLayout不存在
]]></system-out>
  </testcase>
  <testcase name="testcase" classname="com.Case.NewTest" time="4.743">
    <failure message="expected [true] but found [false]" type="java.lang.AssertionError">java.lang.AssertionError: expected [true] but found [false]
	at com.Case.NewTest.testcase(NewTest.java:15)
</failure>
    <system-out><![CDATA[在：2018-02-01 18:39:42:648isFail的状态：true
在：2018-02-01 18:39:47:390控件：com.thetiger.ziwork:id/collect_v不存在
]]></system-out>
  </testcase>
  <testcase name="testcase" classname="com.Case.NewTest" time="4.761">
    <failure message="expected [true] but found [false]" type="java.lang.AssertionError">java.lang.AssertionError: expected [true] but found [false]
	at com.Case.NewTest.testcase(NewTest.java:15)
</failure>
    <system-out><![CDATA[在：2018-02-01 18:39:47:392isFail的状态：true
在：2018-02-01 18:39:52:151控件：com.thetiger.ziwork:id/share_v不存在
]]></system-out>
  </testcase>
  <testcase name="testcase" classname="com.Case.NewTest" time="5.32">
    <failure message="expected [true] but found [false]" type="java.lang.AssertionError">java.lang.AssertionError: expected [true] but found [false]
	at com.Case.NewTest.testcase(NewTest.java:15)
</failure>
    <system-out><![CDATA[在：2018-02-01 18:39:52:153isFail的状态：true
在：2018-02-01 18:39:57:471控件：com.thetiger.ziwork:id/cancel_tv不存在
]]></system-out>
  </testcase>
  <testcase name="testcase" classname="com.Case.NewTest" time="11.531"/>
  <testcase name="testcase" classname="com.Case.NewTest" time="5.632">
    <failure message="expected [true] but found [false]" type="java.lang.AssertionError">java.lang.AssertionError: expected [true] but found [false]
	at com.Case.NewTest.testcase(NewTest.java:15)
</failure>
    <system-out><![CDATA[在：2018-02-01 18:40:09:005isFail的状态：false
在：2018-02-01 18:40:14:637控件：//android.widget.ImageButton[@content-desc='转到上一层级']不存在
]]></system-out>
  </testcase>
  <testcase name="testcase" classname="com.Case.NewTest" time="5.575">
    <failure message="expected [true] but found [false]" type="java.lang.AssertionError">java.lang.AssertionError: expected [true] but found [false]
	at com.Case.NewTest.testcase(NewTest.java:15)
</failure>
    <system-out><![CDATA[在：2018-02-01 18:40:14:639isFail的状态：true
在：2018-02-01 18:40:20:215控件：//android.widget.ImageButton[@content-desc='转到上一层级']不存在
]]></system-out>
  </testcase>
  <testcase name="testcase" classname="com.Case.NewTest" time="4.622">
    <failure message="expected [true] but found [false]" type="java.lang.AssertionError">java.lang.AssertionError: expected [true] but found [false]
	at com.Case.NewTest.testcase(NewTest.java:15)
</failure>
    <system-out><![CDATA[在：2018-02-01 18:40:20:217isFail的状态：true
在：2018-02-01 18:40:24:838控件：com.thetiger.ziwork:id/course_entry不存在
]]></system-out>
  </testcase>
  <testcase name="testcase" classname="com.Case.NewTest" time="5.589">
    <failure message="expected [true] but found [false]" type="java.lang.AssertionError">java.lang.AssertionError: expected [true] but found [false]
	at com.Case.NewTest.testcase(NewTest.java:15)
</failure>
    <system-out><![CDATA[在：2018-02-01 18:40:24:839isFail的状态：true
在：2018-02-01 18:40:30:424控件：//android.support.v7.widget.RecyclerView[@resource-id='com.thetiger.ziwork:id/recycler_view']/android.widget.RelativeLayout不存在
]]></system-out>
  </testcase>
  <testcase name="testcase" classname="com.Case.NewTest" time="4.632">
    <failure message="expected [true] but found [false]" type="java.lang.AssertionError">java.lang.AssertionError: expected [true] but found [false]
	at com.Case.NewTest.testcase(NewTest.java:15)
</failure>
    <system-out><![CDATA[在：2018-02-01 18:40:30:427isFail的状态：true
在：2018-02-01 18:40:35:060控件：com.thetiger.ziwork:id/course_back_iv不存在
]]></system-out>
  </testcase>
  <testcase name="testcase" classname="com.Case.NewTest" time="5.596">
    <failure message="expected [true] but found [false]" type="java.lang.AssertionError">java.lang.AssertionError: expected [true] but found [false]
	at com.Case.NewTest.testcase(NewTest.java:15)
</failure>
    <system-out><![CDATA[在：2018-02-01 18:40:35:062isFail的状态：true
在：2018-02-01 18:40:40:657控件：//android.widget.ImageButton[@content-desc='转到上一层级']不存在
]]></system-out>
  </testcase>
  <testcase name="testcase" classname="com.Case.NewTest" time="4.638">
    <failure message="expected [true] but found [false]" type="java.lang.AssertionError">java.lang.AssertionError: expected [true] but found [false]
	at com.Case.NewTest.testcase(NewTest.java:15)
</failure>
    <system-out><![CDATA[在：2018-02-01 18:40:40:659isFail的状态：true
在：2018-02-01 18:40:45:299控件：com.thetiger.ziwork:id/book_entry不存在
]]></system-out>
  </testcase>
  <testcase name="testcase" classname="com.Case.NewTest" time="5.543">
    <failure message="expected [true] but found [false]" type="java.lang.AssertionError">java.lang.AssertionError: expected [true] but found [false]
	at com.Case.NewTest.testcase(NewTest.java:15)
</failure>
    <system-out><![CDATA[在：2018-02-01 18:40:45:301isFail的状态：true
在：2018-02-01 18:40:50:844控件：//android.support.v7.widget.RecyclerView[@resource-id='com.thetiger.ziwork:id/recycler_view']/android.widget.RelativeLayout不存在
]]></system-out>
  </testcase>
  <testcase name="testcase" classname="com.Case.NewTest" time="5.884">
    <failure message="expected [true] but found [false]" type="java.lang.AssertionError">java.lang.AssertionError: expected [true] but found [false]
	at com.Case.NewTest.testcase(NewTest.java:15)
</failure>
    <system-out><![CDATA[在：2018-02-01 18:40:50:845isFail的状态：true
在：2018-02-01 18:40:56:722控件：//android.widget.ImageButton[@content-desc='转到上一层级']不存在
]]></system-out>
  </testcase>
  <testcase name="testcase" classname="com.Case.NewTest" time="5.485">
    <failure message="expected [true] but found [false]" type="java.lang.AssertionError">java.lang.AssertionError: expected [true] but found [false]
	at com.Case.NewTest.testcase(NewTest.java:15)
</failure>
    <system-out><![CDATA[在：2018-02-01 18:40:56:723isFail的状态：true
在：2018-02-01 18:41:02:213控件：//android.widget.ImageButton[@content-desc='转到上一层级']不存在
]]></system-out>
  </testcase>
  <testcase name="testcase" classname="com.Case.NewTest" time="4.697">
    <failure message="expected [true] but found [false]" type="java.lang.AssertionError">java.lang.AssertionError: expected [true] but found [false]
	at com.Case.NewTest.testcase(NewTest.java:15)
</failure>
    <system-out><![CDATA[在：2018-02-01 18:41:02:216isFail的状态：true
在：2018-02-01 18:41:06:913控件：com.thetiger.ziwork:id/facade_title_container不存在
]]></system-out>
  </testcase>
  <testcase name="testcase" classname="com.Case.NewTest" time="5.575">
    <failure message="expected [true] but found [false]" type="java.lang.AssertionError">java.lang.AssertionError: expected [true] but found [false]
	at com.Case.NewTest.testcase(NewTest.java:15)
</failure>
    <system-out><![CDATA[在：2018-02-01 18:41:06:915isFail的状态：true
在：2018-02-01 18:41:12:485控件：//android.widget.ImageButton[@content-desc='转到上一层级']不存在
]]></system-out>
  </testcase>
  <testcase name="testcase" classname="com.Case.NewTest" time="5.635">
    <failure message="expected [true] but found [false]" type="java.lang.AssertionError">java.lang.AssertionError: expected [true] but found [false]
	at com.Case.NewTest.testcase(NewTest.java:15)
</failure>
    <system-out><![CDATA[在：2018-02-01 18:41:12:487isFail的状态：true
在：2018-02-01 18:41:18:124控件：//android.widget.LinearLayout[@resource-id='com.thetiger.ziwork:id/article_facade_container']/android.widget.LinearLayout/android.support.v7.widget.RecyclerView/android.widget.RelativeLayout不存在
]]></system-out>
  </testcase>
  <testcase name="testcase" classname="com.Case.NewTest" time="5.488">
    <failure message="expected [true] but found [false]" type="java.lang.AssertionError">java.lang.AssertionError: expected [true] but found [false]
	at com.Case.NewTest.testcase(NewTest.java:15)
</failure>
    <system-out><![CDATA[在：2018-02-01 18:41:18:126isFail的状态：true
在：2018-02-01 18:41:23:612控件：//android.widget.ImageButton[@content-desc='转到上一层级']不存在
]]></system-out>
  </testcase>
  <testcase name="testcase" classname="com.Case.NewTest" time="12.386"/>
  <testcase name="testcase" classname="com.Case.NewTest" time="6.394">
    <failure message="expected [true] but found [false]" type="java.lang.AssertionError">java.lang.AssertionError: expected [true] but found [false]
	at com.Case.NewTest.testcase(NewTest.java:15)
</failure>
    <system-out><![CDATA[在：2018-02-01 18:41:35:989isFail的状态：false
在：2018-02-01 18:41:42:394控件：//android.widget.LinearLayout[@resource-id='com.thetiger.ziwork:id/course_facade_container']/android.widget.LinearLayout/android.support.v7.widget.RecyclerView/android.widget.RelativeLayout不存在
]]></system-out>
  </testcase>
  <testcase name="testcase" classname="com.Case.NewTest" time="4.902">
    <failure message="expected [true] but found [false]" type="java.lang.AssertionError">java.lang.AssertionError: expected [true] but found [false]
	at com.Case.NewTest.testcase(NewTest.java:15)
</failure>
    <system-out><![CDATA[在：2018-02-01 18:41:42:396isFail的状态：true
在：2018-02-01 18:41:47:297控件：com.thetiger.ziwork:id/course_back_iv不存在
]]></system-out>
  </testcase>
  <testcase name="testcase" classname="com.Case.NewTest" time="8.645">
    <failure message="org.apache.http.conn.HttpHostConnectException: Connect to 127.0.0.1:4723 [/127.0.0.1] failed: Connection refused: connect&#10;Build info: version: &apos;3.4.0&apos;, revision: &apos;unknown&apos;, time: &apos;unknown&apos;&#10;System info: host: &apos;USER-20170725RR&apos;, ip: &apos;192.168.5.96&apos;, os.name: &apos;Windows 7&apos;, os.arch: &apos;amd64&apos;, os.version: &apos;6.1&apos;, java.version: &apos;1.8.0_131&apos;&#10;Driver info: driver.version: AndroidDriver" type="org.openqa.selenium.WebDriverException">org.openqa.selenium.WebDriverException: 
org.apache.http.conn.HttpHostConnectException: Connect to 127.0.0.1:4723 [/127.0.0.1] failed: Connection refused: connect
Build info: version: '3.4.0', revision: 'unknown', time: 'unknown'
System info: host: 'USER-20170725RR', ip: '192.168.5.96', os.name: 'Windows 7', os.arch: 'amd64', os.version: '6.1', java.version: '1.8.0_131'
Driver info: driver.version: AndroidDriver
	at com.Case.NewTest.testcase(NewTest.java:15)
Caused by: org.apache.http.conn.HttpHostConnectException: Connect to 127.0.0.1:4723 [/127.0.0.1] failed: Connection refused: connect
	at com.Case.NewTest.testcase(NewTest.java:15)
Caused by: java.net.ConnectException: Connection refused: connect
	at com.Case.NewTest.testcase(NewTest.java:15)
</failure>
    <system-out><![CDATA[在：2018-02-01 18:41:47:299isFail的状态：true
]]></system-out>
  </testcase>
  <testcase name="testcase" classname="com.Case.NewTest" time="14.086">
    <failure message="expected [true] but found [false]" type="java.lang.AssertionError">java.lang.AssertionError: expected [true] but found [false]
	at com.Case.NewTest.testcase(NewTest.java:15)
</failure>
    <system-out><![CDATA[在：2018-02-01 18:41:55:942isFail的状态：true
在：2018-02-01 18:42:10:021控件：com.thetiger.ziwork:id/cover_sdv不存在
]]></system-out>
  </testcase>
  <testcase name="testcase" classname="com.Case.NewTest" time="14.078">
    <failure message="expected [true] but found [false]" type="java.lang.AssertionError">java.lang.AssertionError: expected [true] but found [false]
	at com.Case.NewTest.testcase(NewTest.java:15)
</failure>
    <system-out><![CDATA[在：2018-02-01 18:42:10:022isFail的状态：true
在：2018-02-01 18:42:24:109控件：//android.widget.ImageButton[@content-desc='转到上一层级']不存在
]]></system-out>
  </testcase>
  <testcase name="testcase" classname="com.Case.NewTest" time="1.004">
    <failure message="org.apache.http.conn.HttpHostConnectException: Connect to 127.0.0.1:4723 [/127.0.0.1] failed: Connection refused: connect&#10;Build info: version: &apos;3.4.0&apos;, revision: &apos;unknown&apos;, time: &apos;unknown&apos;&#10;System info: host: &apos;USER-20170725RR&apos;, ip: &apos;192.168.5.96&apos;, os.name: &apos;Windows 7&apos;, os.arch: &apos;amd64&apos;, os.version: &apos;6.1&apos;, java.version: &apos;1.8.0_131&apos;&#10;Driver info: driver.version: RemoteWebDriver" type="org.openqa.selenium.WebDriverException">org.openqa.selenium.WebDriverException: 
org.apache.http.conn.HttpHostConnectException: Connect to 127.0.0.1:4723 [/127.0.0.1] failed: Connection refused: connect
Build info: version: '3.4.0', revision: 'unknown', time: 'unknown'
System info: host: 'USER-20170725RR', ip: '192.168.5.96', os.name: 'Windows 7', os.arch: 'amd64', os.version: '6.1', java.version: '1.8.0_131'
Driver info: driver.version: RemoteWebDriver
	at com.Case.NewTest.testcase(NewTest.java:15)
Caused by: org.apache.http.conn.HttpHostConnectException: Connect to 127.0.0.1:4723 [/127.0.0.1] failed: Connection refused: connect
	at com.Case.NewTest.testcase(NewTest.java:15)
Caused by: java.net.ConnectException: Connection refused: connect
	at com.Case.NewTest.testcase(NewTest.java:15)
</failure>
    <system-out><![CDATA[在：2018-02-01 18:42:24:110isFail的状态：true
]]></system-out>
  </testcase>
  <testcase name="testcase" classname="com.Case.NewTest" time="4">
    <failure message="expected [true] but found [false]" type="java.lang.AssertionError">java.lang.AssertionError: expected [true] but found [false]
	at com.Case.NewTest.testcase(NewTest.java:15)
</failure>
    <system-out><![CDATA[在：2018-02-01 18:42:25:114isFail的状态：true
在：2018-02-01 18:42:29:115控件：com.thetiger.ziwork:id/wx_login_tv不存在
]]></system-out>
  </testcase>
</testsuite>